<?xml version="1.0" encoding="UTF-8"?>
<!-- Generated by org.testng.reporters.JUnitReportReporter -->
<testsuite skipped="0" hostname="PADMSANA" name="com.training.sanity.tests.AllPropertiesTest" tests="1" failures="0" timestamp="05 Feb 2019 06:18:12 GMT" time="57.350" errors="0">
  <testcase name="validLoginTest" time="57.350" classname="com.training.sanity.tests.AllPropertiesTest"/>
</testsuite> <!-- com.training.sanity.tests.AllPropertiesTest -->
