<?xml version="1.0" encoding="UTF-8"?>
<!-- Generated by org.testng.reporters.JUnitReportReporter -->
<testsuite skipped="0" hostname="PADMSANA" name="com.training.sanity.tests.LoginTests" tests="1" failures="0" timestamp="29 Jan 2019 05:08:30 GMT" time="48.637" errors="0">
  <testcase name="validLoginTest" time="48.637" classname="com.training.sanity.tests.LoginTests"/>
</testsuite> <!-- com.training.sanity.tests.LoginTests -->
