<?xml version="1.0" encoding="UTF-8"?>
<!-- Generated by org.testng.reporters.JUnitReportReporter -->
<testsuite skipped="0" hostname="PADMSANA" name="com.training.sanity.tests.LoginTests" tests="1" failures="0" timestamp="28 Jan 2019 04:27:52 GMT" time="50.692" errors="0">
  <testcase name="validLoginTest" time="50.692" classname="com.training.sanity.tests.LoginTests"/>
</testsuite> <!-- com.training.sanity.tests.LoginTests -->
