<?xml version="1.0" encoding="UTF-8"?>
<!-- Generated by org.testng.reporters.JUnitReportReporter -->
<testsuite skipped="0" hostname="PADMSANA" name="com.training.sanity.tests.CommercialtabTest" tests="1" failures="0" timestamp="04 Feb 2019 17:45:19 GMT" time="28.212" errors="0">
  <testcase name="validCommercialtab" time="28.212" classname="com.training.sanity.tests.CommercialtabTest"/>
</testsuite> <!-- com.training.sanity.tests.CommercialtabTest -->
