<?xml version="1.0" encoding="UTF-8"?>
<!-- Generated by org.testng.reporters.JUnitReportReporter -->
<testsuite skipped="0" hostname="PADMSANA" name="com.training.sanity.tests.UserslinkTest" tests="1" failures="0" timestamp="05 Feb 2019 08:19:06 GMT" time="59.363" errors="0">
  <testcase name="validLoginTest" time="59.363" classname="com.training.sanity.tests.UserslinkTest"/>
</testsuite> <!-- com.training.sanity.tests.UserslinkTest -->
