<?xml version="1.0" encoding="UTF-8"?>
<!-- Generated by org.testng.reporters.JUnitReportReporter -->
<testsuite skipped="0" hostname="PADMSANA" name="com.training.sanity.tests.RegisterTest" tests="1" failures="0" timestamp="24 Jan 2019 18:05:52 GMT" time="114.979" errors="0">
  <testcase name="validLoginTest" time="114.979" classname="com.training.sanity.tests.RegisterTest"/>
</testsuite> <!-- com.training.sanity.tests.RegisterTest -->
