<?xml version="1.0" encoding="UTF-8"?>
<!-- Generated by org.testng.reporters.JUnitReportReporter -->
<testsuite skipped="0" hostname="PADMSANA" name="com.training.sanity.tests.PropertiestabTest" tests="1" failures="0" timestamp="05 Feb 2019 05:58:58 GMT" time="60.383" errors="0">
  <testcase name="validLoginTest" time="60.383" classname="com.training.sanity.tests.PropertiestabTest"/>
</testsuite> <!-- com.training.sanity.tests.PropertiestabTest -->
