<?xml version="1.0" encoding="UTF-8"?>
<!-- Generated by org.testng.reporters.JUnitReportReporter -->
<testsuite skipped="0" hostname="PADMSANA" name="com.training.sanity.tests.LostYourPasswordTest" tests="1" failures="0" timestamp="23 Jan 2019 18:27:41 GMT" time="20.718" errors="0">
  <testcase name="validLoginTest" time="20.718" classname="com.training.sanity.tests.LostYourPasswordTest"/>
</testsuite> <!-- com.training.sanity.tests.LostYourPasswordTest -->
